<?xml version="1.0" encoding="UTF-8"?>
<testsuite name="jobshop.encodings.EncodingTests" tests="2" skipped="0" failures="0" errors="0" timestamp="2021-03-15T10:21:19" hostname="desktop" time="0.023">
  <properties/>
  <testcase name="testBasicSolver" classname="jobshop.encodings.EncodingTests" time="0.019"/>
  <testcase name="testJobNumbers" classname="jobshop.encodings.EncodingTests" time="0.004"/>
  <system-out><![CDATA[jobshop.Schedule@a612220
]]></system-out>
  <system-err><![CDATA[]]></system-err>
</testsuite>
